<?xml version="1.0" encoding="UTF-8"?>
<!-- Generated by org.testng.reporters.JUnitReportReporter -->
<testsuite hostname="DESKTOP-LDIGLJI" failures="0" tests="1" name="cucumber.TestNGTestRunner" time="17.797" errors="0" timestamp="2024-08-22T18:04:54 EDT" skipped="0">
  <testcase classname="cucumber.TestNGTestRunner" name="runScenario" time="17.797"/>
</testsuite> <!-- cucumber.TestNGTestRunner -->
