<?xml version="1.0" encoding="UTF-8"?>
<!-- Generated by org.testng.reporters.JUnitReportReporter -->
<testsuite hostname="DESKTOP-LDIGLJI" failures="0" tests="3" name="FrameworkProjectTests.SubmitOrderTest" time="48.886" errors="0" timestamp="2024-08-22T16:17:19 EDT" skipped="0">
  <testcase classname="FrameworkProjectTests.SubmitOrderTest" name="Submitorder" time="16.573"/>
  <testcase classname="FrameworkProjectTests.SubmitOrderTest" name="OrderPage" time="12.726"/>
  <testcase classname="FrameworkProjectTests.SubmitOrderTest" name="Submitorder" time="19.587"/>
</testsuite> <!-- FrameworkProjectTests.SubmitOrderTest -->
