<?xml version="1.0" encoding="UTF-8"?>
<!-- Generated by org.testng.reporters.JUnitReportReporter -->
<testsuite hostname="DESKTOP-LDIGLJI" failures="0" tests="1" name="cucumber.TestNGTestRunner" time="19.689" errors="0" timestamp="2024-08-22T18:15:24 EDT" skipped="0">
  <testcase classname="cucumber.TestNGTestRunner" name="runScenario" time="19.689"/>
</testsuite> <!-- cucumber.TestNGTestRunner -->
