<?xml version="1.0" encoding="UTF-8"?>
<!-- Generated by org.testng.reporters.JUnitReportReporter -->
<testsuite hostname="DESKTOP-LDIGLJI" failures="0" tests="2" name="FrameworkProjectTests.errorValidation" time="53.650" errors="0" timestamp="2024-08-22T00:28:04 EDT" skipped="0">
  <testcase classname="FrameworkProjectTests.errorValidation" name="productErrorValidation" time="32.644"/>
  <testcase classname="FrameworkProjectTests.errorValidation" name="LoginValidation" time="21.006"/>
</testsuite> <!-- FrameworkProjectTests.errorValidation -->
