<?xml version="1.0" encoding="UTF-8"?>
<!-- Generated by org.testng.reporters.JUnitReportReporter -->
<testsuite hostname="DESKTOP-LDIGLJI" failures="0" tests="3" name="FrameworkProjectTests.SubmitOrderTest" time="79.095" errors="0" timestamp="2024-08-22T00:28:04 EDT" skipped="0">
  <testcase classname="FrameworkProjectTests.SubmitOrderTest" name="Submitorder" time="35.522"/>
  <testcase classname="FrameworkProjectTests.SubmitOrderTest" name="OrderPage" time="11.599"/>
  <testcase classname="FrameworkProjectTests.SubmitOrderTest" name="Submitorder" time="31.974"/>
</testsuite> <!-- FrameworkProjectTests.SubmitOrderTest -->
